<?xml version="1.0" encoding="UTF-8"?>
<!-- Generated by org.testng.reporters.JUnitXMLReporter -->
<testsuite ignored="0" hostname="TYSS-Chaithra" failures="0" tests="3" name="Default test" time="0.054" errors="0" timestamp="2026-02-15T08:16:58 IST">
  <testcase classname="employeeTests.CreateEmployeeTest" name="createEmployeeTest" time="0.005"/>
  <testcase classname="employeeTests.CreateEmployeeTest" name="deleteEmployeeTest" time="0.0"/>
  <testcase classname="employeeTests.CreateEmployeeTest" name="modifyEmployeeTest" time="0.0"/>
</testsuite> <!-- Default test -->
