<?xml version="1.0" encoding="UTF-8"?>
<!-- Generated by org.testng.reporters.JUnitXMLReporter -->
<testsuite ignored="0" hostname="TYSS-Chaithra" failures="0" tests="3" name="Test-Runner-Edge" time="2.567" errors="0" timestamp="2026-02-15T11:12:46 IST">
  <testcase classname="employeeTests.CreateEmployeeTest" name="createEmployeeTest" time="0.003"/>
  <testcase classname="employeeTests.CreateEmployeeTest" name="deleteEmployeeTest" time="0.002"/>
  <testcase classname="employeeTests.CreateEmployeeTest" name="modifyEmployeeTest" time="0.0"/>
</testsuite> <!-- Test-Runner-Edge -->
