<?xml version="1.0" encoding="UTF-8"?>
<!-- Generated by org.testng.reporters.JUnitXMLReporter -->
<testsuite ignored="0" hostname="TYSS-Chaithra" failures="0" tests="3" name="TestRunner1" time="2.207" errors="0" timestamp="2026-02-15T10:50:51 IST">
  <testcase classname="genericUtilities.BaseClass" name="@AfterTest acConfig" time="0.0">
    <failure type="java.lang.NullPointerException">
      <![CDATA[java.lang.NullPointerException
at genericUtilities.BaseClass.acConfig(BaseClass.java:66)
at java.base/java.util.concurrent.FutureTask.run(FutureTask.java:264)
at java.base/java.util.concurrent.ThreadPoolExecutor.runWorker(ThreadPoolExecutor.java:1128)
at java.base/java.util.concurrent.ThreadPoolExecutor$Worker.run(ThreadPoolExecutor.java:628)
at java.base/java.lang.Thread.run(Thread.java:829)
... Removed 15 stack frames]]>
    </failure>
  </testcase> <!-- @AfterTest acConfig -->
  <testcase classname="genericUtilities.BaseClass" name="@AfterTest acConfig" time="0.0">
    <failure type="java.lang.NullPointerException">
      <![CDATA[java.lang.NullPointerException
at genericUtilities.BaseClass.acConfig(BaseClass.java:66)
at java.base/java.util.concurrent.FutureTask.run(FutureTask.java:264)
at java.base/java.util.concurrent.ThreadPoolExecutor.runWorker(ThreadPoolExecutor.java:1128)
at java.base/java.util.concurrent.ThreadPoolExecutor$Worker.run(ThreadPoolExecutor.java:628)
at java.base/java.lang.Thread.run(Thread.java:829)
... Removed 15 stack frames]]>
    </failure>
  </testcase> <!-- @AfterTest acConfig -->
  <testcase classname="employeeTests.CreateEmployeeTest" name="createEmployeeTest" time="0.002"/>
  <testcase classname="employeeTests.CreateEmployeeTest" name="deleteEmployeeTest" time="0.002"/>
  <testcase classname="employeeTests.CreateEmployeeTest" name="modifyEmployeeTest" time="0.002"/>
</testsuite> <!-- TestRunner1 -->
