<?xml version="1.0" encoding="UTF-8"?>
<!-- Generated by org.testng.reporters.JUnitXMLReporter -->
<testsuite ignored="1" hostname="TYSS-Chaithra" failures="0" tests="2" name="Test" time="0.062" errors="0" timestamp="2026-02-15T09:30:34 IST">
  <testcase classname="employeeTests.CreateEmployeeTest" name="deleteEmployeeTest" time="0.008"/>
  <testcase classname="employeeTests.CreateEmployeeTest" name="modifyEmployeeTest" time="0.0"/>
  <testcase classname="employeeTests.CreateEmployeeTest" name="createEmployeeTest" time="0.0">
    <ignored/>
  </testcase> <!-- createEmployeeTest -->
</testsuite> <!-- Test -->
