<?xml version="1.0" encoding="UTF-8"?>
<testng-results ignored="0" total="6" passed="6" failed="0" skipped="0">
  <reporter-output>
  </reporter-output>
  <suite started-at="2026-02-15T11:12:43 IST" name="Suite" finished-at="2026-02-15T11:12:48 IST" duration-ms="4577">
    <groups>
      <group name="SmokeSuite">
        <method signature="CreateEmployeeTest.createEmployeeTest()[pri:0, instance:employeeTests.CreateEmployeeTest@1de76cc7]" name="createEmployeeTest" class="employeeTests.CreateEmployeeTest"/>
        <method signature="CreateEmployeeTest.createEmployeeTest()[pri:0, instance:employeeTests.CreateEmployeeTest@48aca48b]" name="createEmployeeTest" class="employeeTests.CreateEmployeeTest"/>
      </group> <!-- SmokeSuite -->
    </groups>
    <test started-at="2026-02-15T11:12:43 IST" name="Test-Runner-Edge" finished-at="2026-02-15T11:12:46 IST" duration-ms="2567">
      <class name="employeeTests.CreateEmployeeTest">
        <test-method is-config="true" signature="bcConfig(java.lang.String)[pri:0, instance:employeeTests.CreateEmployeeTest@1de76cc7]" started-at="2026-02-15T11:12:43 IST" name="bcConfig" finished-at="2026-02-15T11:12:45 IST" duration-ms="1801" status="PASS">
          <params>
            <param index="0">
              <value>
                <![CDATA[EDGE]]>
              </value>
            </param>
          </params>
          <reporter-output>
          </reporter-output>
        </test-method> <!-- bcConfig -->
        <test-method signature="createEmployeeTest()[pri:0, instance:employeeTests.CreateEmployeeTest@1de76cc7]" started-at="2026-02-15T11:12:45 IST" name="createEmployeeTest" finished-at="2026-02-15T11:12:45 IST" duration-ms="3" status="PASS">
          <reporter-output>
          </reporter-output>
        </test-method> <!-- createEmployeeTest -->
        <test-method is-config="true" signature="bmConfig()[pri:0, instance:employeeTests.CreateEmployeeTest@1de76cc7]" started-at="2026-02-15T11:12:45 IST" name="bmConfig" finished-at="2026-02-15T11:12:45 IST" duration-ms="0" status="PASS">
          <reporter-output>
          </reporter-output>
        </test-method> <!-- bmConfig -->
        <test-method is-config="true" signature="bmConfig()[pri:0, instance:employeeTests.CreateEmployeeTest@1de76cc7]" started-at="2026-02-15T11:12:45 IST" name="bmConfig" finished-at="2026-02-15T11:12:45 IST" duration-ms="0" status="PASS">
          <reporter-output>
          </reporter-output>
        </test-method> <!-- bmConfig -->
        <test-method is-config="true" signature="amConfig()[pri:0, instance:employeeTests.CreateEmployeeTest@1de76cc7]" started-at="2026-02-15T11:12:45 IST" name="amConfig" finished-at="2026-02-15T11:12:45 IST" duration-ms="0" status="PASS">
          <reporter-output>
          </reporter-output>
        </test-method> <!-- amConfig -->
        <test-method signature="deleteEmployeeTest()[pri:0, instance:employeeTests.CreateEmployeeTest@1de76cc7]" started-at="2026-02-15T11:12:45 IST" name="deleteEmployeeTest" finished-at="2026-02-15T11:12:45 IST" duration-ms="2" status="PASS">
          <reporter-output>
          </reporter-output>
        </test-method> <!-- deleteEmployeeTest -->
        <test-method is-config="true" signature="amConfig()[pri:0, instance:employeeTests.CreateEmployeeTest@1de76cc7]" started-at="2026-02-15T11:12:45 IST" name="amConfig" finished-at="2026-02-15T11:12:45 IST" duration-ms="0" status="PASS">
          <reporter-output>
          </reporter-output>
        </test-method> <!-- amConfig -->
        <test-method is-config="true" signature="bmConfig()[pri:0, instance:employeeTests.CreateEmployeeTest@1de76cc7]" started-at="2026-02-15T11:12:45 IST" name="bmConfig" finished-at="2026-02-15T11:12:45 IST" duration-ms="2" status="PASS">
          <reporter-output>
          </reporter-output>
        </test-method> <!-- bmConfig -->
        <test-method signature="modifyEmployeeTest()[pri:0, instance:employeeTests.CreateEmployeeTest@1de76cc7]" started-at="2026-02-15T11:12:45 IST" name="modifyEmployeeTest" finished-at="2026-02-15T11:12:45 IST" duration-ms="0" status="PASS">
          <reporter-output>
          </reporter-output>
        </test-method> <!-- modifyEmployeeTest -->
        <test-method is-config="true" signature="amConfig()[pri:0, instance:employeeTests.CreateEmployeeTest@1de76cc7]" started-at="2026-02-15T11:12:45 IST" name="amConfig" finished-at="2026-02-15T11:12:45 IST" duration-ms="0" status="PASS">
          <reporter-output>
          </reporter-output>
        </test-method> <!-- amConfig -->
        <test-method is-config="true" signature="acConfig()[pri:0, instance:employeeTests.CreateEmployeeTest@1de76cc7]" started-at="2026-02-15T11:12:45 IST" name="acConfig" finished-at="2026-02-15T11:12:46 IST" duration-ms="728" status="PASS">
          <reporter-output>
          </reporter-output>
        </test-method> <!-- acConfig -->
      </class> <!-- employeeTests.CreateEmployeeTest -->
    </test> <!-- Test-Runner-Edge -->
    <test started-at="2026-02-15T11:12:43 IST" name="Test-Runner-Firefox" finished-at="2026-02-15T11:12:48 IST" duration-ms="4577">
      <class name="employeeTests.CreateEmployeeTest">
        <test-method is-config="true" signature="bsConfig()[pri:0, instance:employeeTests.CreateEmployeeTest@48aca48b]" started-at="2026-02-15T11:12:43 IST" name="bsConfig" finished-at="2026-02-15T11:12:43 IST" duration-ms="6" status="PASS">
          <reporter-output>
          </reporter-output>
        </test-method> <!-- bsConfig -->
        <test-method is-config="true" signature="bcConfig(java.lang.String)[pri:0, instance:employeeTests.CreateEmployeeTest@48aca48b]" started-at="2026-02-15T11:12:43 IST" name="bcConfig" finished-at="2026-02-15T11:12:47 IST" duration-ms="3592" status="PASS">
          <params>
            <param index="0">
              <value>
                <![CDATA[FIREFOX]]>
              </value>
            </param>
          </params>
          <reporter-output>
          </reporter-output>
        </test-method> <!-- bcConfig -->
        <test-method is-config="true" signature="bmConfig()[pri:0, instance:employeeTests.CreateEmployeeTest@48aca48b]" started-at="2026-02-15T11:12:47 IST" name="bmConfig" finished-at="2026-02-15T11:12:47 IST" duration-ms="0" status="PASS">
          <reporter-output>
          </reporter-output>
        </test-method> <!-- bmConfig -->
        <test-method signature="createEmployeeTest()[pri:0, instance:employeeTests.CreateEmployeeTest@48aca48b]" started-at="2026-02-15T11:12:47 IST" name="createEmployeeTest" finished-at="2026-02-15T11:12:47 IST" duration-ms="2" status="PASS">
          <reporter-output>
          </reporter-output>
        </test-method> <!-- createEmployeeTest -->
        <test-method is-config="true" signature="amConfig()[pri:0, instance:employeeTests.CreateEmployeeTest@48aca48b]" started-at="2026-02-15T11:12:47 IST" name="amConfig" finished-at="2026-02-15T11:12:47 IST" duration-ms="2" status="PASS">
          <reporter-output>
          </reporter-output>
        </test-method> <!-- amConfig -->
        <test-method signature="deleteEmployeeTest()[pri:0, instance:employeeTests.CreateEmployeeTest@48aca48b]" started-at="2026-02-15T11:12:47 IST" name="deleteEmployeeTest" finished-at="2026-02-15T11:12:47 IST" duration-ms="2" status="PASS">
          <reporter-output>
          </reporter-output>
        </test-method> <!-- deleteEmployeeTest -->
        <test-method is-config="true" signature="bmConfig()[pri:0, instance:employeeTests.CreateEmployeeTest@48aca48b]" started-at="2026-02-15T11:12:47 IST" name="bmConfig" finished-at="2026-02-15T11:12:47 IST" duration-ms="0" status="PASS">
          <reporter-output>
          </reporter-output>
        </test-method> <!-- bmConfig -->
        <test-method is-config="true" signature="amConfig()[pri:0, instance:employeeTests.CreateEmployeeTest@48aca48b]" started-at="2026-02-15T11:12:47 IST" name="amConfig" finished-at="2026-02-15T11:12:47 IST" duration-ms="0" status="PASS">
          <reporter-output>
          </reporter-output>
        </test-method> <!-- amConfig -->
        <test-method signature="modifyEmployeeTest()[pri:0, instance:employeeTests.CreateEmployeeTest@48aca48b]" started-at="2026-02-15T11:12:47 IST" name="modifyEmployeeTest" finished-at="2026-02-15T11:12:47 IST" duration-ms="0" status="PASS">
          <reporter-output>
          </reporter-output>
        </test-method> <!-- modifyEmployeeTest -->
        <test-method is-config="true" signature="bmConfig()[pri:0, instance:employeeTests.CreateEmployeeTest@48aca48b]" started-at="2026-02-15T11:12:47 IST" name="bmConfig" finished-at="2026-02-15T11:12:47 IST" duration-ms="0" status="PASS">
          <reporter-output>
          </reporter-output>
        </test-method> <!-- bmConfig -->
        <test-method is-config="true" signature="amConfig()[pri:0, instance:employeeTests.CreateEmployeeTest@48aca48b]" started-at="2026-02-15T11:12:47 IST" name="amConfig" finished-at="2026-02-15T11:12:47 IST" duration-ms="2" status="PASS">
          <reporter-output>
          </reporter-output>
        </test-method> <!-- amConfig -->
        <test-method is-config="true" signature="acConfig()[pri:0, instance:employeeTests.CreateEmployeeTest@48aca48b]" started-at="2026-02-15T11:12:47 IST" name="acConfig" finished-at="2026-02-15T11:12:48 IST" duration-ms="969" status="PASS">
          <reporter-output>
          </reporter-output>
        </test-method> <!-- acConfig -->
        <test-method is-config="true" signature="asConfig()[pri:0, instance:employeeTests.CreateEmployeeTest@48aca48b]" started-at="2026-02-15T11:12:48 IST" name="asConfig" finished-at="2026-02-15T11:12:48 IST" duration-ms="0" status="PASS">
          <reporter-output>
          </reporter-output>
        </test-method> <!-- asConfig -->
      </class> <!-- employeeTests.CreateEmployeeTest -->
    </test> <!-- Test-Runner-Firefox -->
  </suite> <!-- Suite -->
</testng-results>
