<?xml version="1.0" encoding="UTF-8"?>
<!-- Generated by org.testng.reporters.JUnitReportReporter -->
<testsuite hostname="TYSS-Chaithra" failures="0" tests="6" name="employeeTests.CreateEmployeeTest" time="0.015" errors="0" timestamp="2026-02-15T11:12:48 IST" skipped="0">
  <testcase classname="employeeTests.CreateEmployeeTest" name="modifyEmployeeTest" time="0.002"/>
  <system-out/>
  <testcase classname="employeeTests.CreateEmployeeTest" name="deleteEmployeeTest" time="0.002"/>
  <system-out/>
  <testcase classname="employeeTests.CreateEmployeeTest" name="modifyEmployeeTest" time="0.000"/>
  <system-out/>
  <testcase classname="employeeTests.CreateEmployeeTest" name="createEmployeeTest" time="0.004"/>
  <system-out/>
  <testcase classname="employeeTests.CreateEmployeeTest" name="createEmployeeTest" time="0.003"/>
  <system-out/>
  <testcase classname="employeeTests.CreateEmployeeTest" name="deleteEmployeeTest" time="0.004"/>
  <system-out/>
</testsuite> <!-- employeeTests.CreateEmployeeTest -->
